<?xml version="1.0" encoding="utf-8"?>
<coverage line-rate="0.838" branch-rate="0.6770999999999999" version="1.9" timestamp="1579886946" lines-covered="2049" lines-valid="2445" branches-covered="927" branches-valid="1369">
  <sources>
    <source>C:\home_projects\azure_workspace\Gameboy\Gameboy.VM\</source>
  </sources>
  <packages>
    <package name="Gameboy.VM" line-rate="0.838" branch-rate="0.6770999999999999" complexity="1574">
      <classes>
        <class name="Gameboy.VM.ControlRegisters" filename="ControlRegisters.cs" line-rate="0.4375" branch-rate="0.75" complexity="9">
          <methods>
            <method name="get_RomDisabledRegister" signature="()" line-rate="1" branch-rate="0.5">
              <lines>
                <line number="13" hits="1026" branch="True" condition-coverage="50% (1/2)">
                  <conditions>
                    <condition number="6" type="jump" coverage="50%" />
                  </conditions>
                </line>
              </lines>
            </method>
            <method name="set_RomDisabledRegister" signature="(System.Byte)" line-rate="1" branch-rate="1">
              <lines>
                <line number="15" hits="671" branch="False" />
                <line number="16" hits="675" branch="True" condition-coverage="100% (2/2)">
                  <conditions>
                    <condition number="9" type="jump" coverage="100%" />
                  </conditions>
                </line>
                <line number="17" hits="667" branch="False" />
                <line number="18" hits="671" branch="False" />
              </lines>
            </method>
            <method name="get_SerialTransferData" signature="()" line-rate="0" branch-rate="1">
              <lines>
                <line number="22" hits="0" branch="False" />
              </lines>
            </method>
            <method name="get_SerialTransferControl" signature="()" line-rate="1" branch-rate="1">
              <lines>
                <line number="25" hits="4" branch="False" />
              </lines>
            </method>
            <method name="Clear" signature="()" line-rate="0" branch-rate="1">
              <lines>
                <line number="28" hits="0" branch="False" />
                <line number="29" hits="0" branch="False" />
                <line number="30" hits="0" branch="False" />
                <line number="31" hits="0" branch="False" />
                <line number="32" hits="0" branch="False" />
              </lines>
            </method>
            <method name="ToString" signature="()" line-rate="0" branch-rate="1">
              <lines>
                <line number="35" hits="0" branch="False" />
                <line number="36" hits="0" branch="False" />
                <line number="37" hits="0" branch="False" />
              </lines>
            </method>
            <method name=".ctor" signature="()" line-rate="1" branch-rate="1">
              <lines>
                <line number="24" hits="667" branch="False" />
              </lines>
            </method>
          </methods>
          <lines>
            <line number="13" hits="1026" branch="True" condition-coverage="50% (1/2)">
              <conditions>
                <condition number="6" type="jump" coverage="50%" />
              </conditions>
            </line>
            <line number="15" hits="671" branch="False" />
            <line number="16" hits="675" branch="True" condition-coverage="100% (2/2)">
              <conditions>
                <condition number="9" type="jump" coverage="100%" />
              </conditions>
            </line>
            <line number="17" hits="667" branch="False" />
            <line number="18" hits="671" branch="False" />
            <line number="22" hits="0" branch="False" />
            <line number="25" hits="4" branch="False" />
            <line number="28" hits="0" branch="False" />
            <line number="29" hits="0" branch="False" />
            <line number="30" hits="0" branch="False" />
            <line number="31" hits="0" branch="False" />
            <line number="32" hits="0" branch="False" />
            <line number="35" hits="0" branch="False" />
            <line number="36" hits="0" branch="False" />
            <line number="37" hits="0" branch="False" />
            <line number="24" hits="667" branch="False" />
          </lines>
        </class>
        <class name="Gameboy.VM.Device" filename="Device.cs" line-rate="0.8306999999999999" branch-rate="0.55" complexity="29">
          <methods>
            <method name="get_VBlankHandler" signature="()" line-rate="0" branch-rate="1">
              <lines>
                <line number="66" hits="0" branch="False" />
              </lines>
            </method>
            <method name="DumpVRAM" signature="()" line-rate="0" branch-rate="1">
              <lines>
                <line number="105" hits="0" branch="False" />
                <line number="106" hits="0" branch="False" />
                <line number="107" hits="0" branch="False" />
              </lines>
            </method>
            <method name="GetCurrentFrame" signature="()" line-rate="0" branch-rate="1">
              <lines>
                <line number="110" hits="0" branch="False" />
                <line number="111" hits="0" branch="False" />
                <line number="112" hits="0" branch="False" />
              </lines>
            </method>
            <method name="GetCartridgeTitle" signature="()" line-rate="0" branch-rate="1">
              <lines>
                <line number="115" hits="0" branch="False" />
                <line number="116" hits="0" branch="False" />
                <line number="117" hits="0" branch="False" />
              </lines>
            </method>
            <method name="SkipBootRom" signature="()" line-rate="0.8887999999999999" branch-rate="0.6">
              <lines>
                <line number="124" hits="667" branch="False" />
                <line number="126" hits="667" branch="True" condition-coverage="60% (6/10)">
                  <conditions>
                    <condition number="30" type="jump" coverage="100%" />
                    <condition number="36" type="jump" coverage="50%" />
                    <condition number="66" type="jump" coverage="50%" />
                    <condition number="51" type="jump" coverage="50%" />
                    <condition number="72" type="jump" coverage="50%" />
                  </conditions>
                </line>
                <line number="129" hits="666" branch="False" />
                <line number="130" hits="666" branch="False" />
                <line number="131" hits="666" branch="False" />
                <line number="132" hits="666" branch="False" />
                <line number="133" hits="666" branch="False" />
                <line number="135" hits="0" branch="False" />
                <line number="136" hits="0" branch="False" />
                <line number="137" hits="0" branch="False" />
                <line number="138" hits="0" branch="False" />
                <line number="139" hits="0" branch="False" />
                <line number="141" hits="1" branch="False" />
                <line number="142" hits="1" branch="False" />
                <line number="143" hits="1" branch="False" />
                <line number="144" hits="1" branch="False" />
                <line number="145" hits="1" branch="False" />
                <line number="147" hits="0" branch="False" />
                <line number="151" hits="667" branch="False" />
                <line number="152" hits="667" branch="False" />
                <line number="155" hits="667" branch="False" />
                <line number="156" hits="667" branch="False" />
                <line number="157" hits="667" branch="False" />
                <line number="158" hits="667" branch="False" />
                <line number="159" hits="667" branch="False" />
                <line number="160" hits="667" branch="False" />
                <line number="161" hits="667" branch="False" />
                <line number="162" hits="667" branch="False" />
                <line number="163" hits="667" branch="False" />
                <line number="164" hits="667" branch="False" />
                <line number="165" hits="667" branch="False" />
                <line number="166" hits="667" branch="False" />
                <line number="167" hits="667" branch="False" />
                <line number="168" hits="667" branch="False" />
                <line number="169" hits="667" branch="False" />
                <line number="170" hits="667" branch="False" />
                <line number="171" hits="667" branch="False" />
                <line number="172" hits="667" branch="False" />
                <line number="173" hits="667" branch="False" />
                <line number="174" hits="667" branch="False" />
                <line number="175" hits="667" branch="False" />
                <line number="176" hits="667" branch="False" />
                <line number="177" hits="667" branch="False" />
                <line number="178" hits="667" branch="False" />
                <line number="179" hits="667" branch="False" />
                <line number="180" hits="667" branch="False" />
                <line number="181" hits="667" branch="False" />
                <line number="182" hits="667" branch="False" />
                <line number="183" hits="667" branch="False" />
                <line number="184" hits="667" branch="False" />
                <line number="185" hits="667" branch="False" />
                <line number="186" hits="667" branch="False" />
                <line number="188" hits="667" branch="False" />
                <line number="189" hits="667" branch="False" />
              </lines>
            </method>
            <method name="Step" signature="()" line-rate="1" branch-rate="1">
              <lines>
                <line number="199" hits="4444" branch="False" />
                <line number="201" hits="4444" branch="False" />
                <line number="204" hits="4444" branch="False" />
                <line number="207" hits="4444" branch="False" />
                <line number="210" hits="4444" branch="False" />
                <line number="213" hits="4444" branch="False" />
                <line number="215" hits="4444" branch="False" />
                <line number="216" hits="4444" branch="False" />
              </lines>
            </method>
            <method name="HandleKeyDown" signature="(Gameboy.VM.Joypad.DeviceKey)" line-rate="1" branch-rate="1">
              <lines>
                <line number="223" hits="16" branch="False" />
                <line number="224" hits="16" branch="False" />
                <line number="225" hits="16" branch="False" />
              </lines>
            </method>
            <method name="HandleKeyUp" signature="(Gameboy.VM.Joypad.DeviceKey)" line-rate="1" branch-rate="1">
              <lines>
                <line number="232" hits="16" branch="False" />
                <line number="233" hits="16" branch="False" />
                <line number="234" hits="16" branch="False" />
              </lines>
            </method>
            <method name="ToString" signature="()" line-rate="0" branch-rate="1">
              <lines>
                <line number="237" hits="0" branch="False" />
                <line number="238" hits="0" branch="False" />
                <line number="239" hits="0" branch="False" />
              </lines>
            </method>
            <method name=".ctor" signature="(Gameboy.VM.Cartridge.Cartridge,Gameboy.VM.DeviceType)" line-rate="0.9" branch-rate="0.5">
              <lines>
                <line number="68" hits="667" branch="False" />
                <line number="69" hits="667" branch="False" />
                <line number="70" hits="667" branch="False" />
                <line number="71" hits="667" branch="False" />
                <line number="72" hits="667" branch="False" />
                <line number="73" hits="667" branch="False" />
                <line number="76" hits="667" branch="True" condition-coverage="50% (2/4)">
                  <conditions>
                    <condition number="101" type="jump" coverage="50%" />
                    <condition number="112" type="jump" coverage="50%" />
                  </conditions>
                </line>
                <line number="77" hits="0" branch="False" />
                <line number="78" hits="0" branch="False" />
                <line number="79" hits="0" branch="False" />
                <line number="82" hits="667" branch="False" />
                <line number="83" hits="667" branch="True" condition-coverage="50% (3/6)">
                  <conditions>
                    <condition number="153" type="jump" coverage="100%" />
                    <condition number="163" type="jump" coverage="50%" />
                    <condition number="173" type="jump" coverage="0%" />
                  </conditions>
                </line>
                <line number="84" hits="667" branch="False" />
                <line number="85" hits="667" branch="False" />
                <line number="86" hits="667" branch="False" />
                <line number="87" hits="667" branch="False" />
                <line number="88" hits="667" branch="False" />
                <line number="89" hits="667" branch="False" />
                <line number="91" hits="667" branch="False" />
                <line number="92" hits="667" branch="False" />
                <line number="93" hits="667" branch="False" />
                <line number="94" hits="667" branch="False" />
                <line number="95" hits="667" branch="False" />
                <line number="96" hits="667" branch="False" />
                <line number="97" hits="667" branch="False" />
                <line number="98" hits="667" branch="False" />
                <line number="99" hits="667" branch="False" />
                <line number="100" hits="667" branch="False" />
                <line number="101" hits="667" branch="False" />
                <line number="102" hits="667" branch="False" />
              </lines>
            </method>
            <method name=".cctor" signature="()" line-rate="1" branch-rate="1">
              <lines>
                <line number="30" hits="1" branch="False" />
                <line number="31" hits="1" branch="False" />
                <line number="32" hits="1" branch="False" />
                <line number="33" hits="1" branch="False" />
                <line number="34" hits="1" branch="False" />
                <line number="35" hits="1" branch="False" />
                <line number="36" hits="1" branch="False" />
                <line number="37" hits="1" branch="False" />
                <line number="38" hits="1" branch="False" />
                <line number="39" hits="1" branch="False" />
                <line number="40" hits="1" branch="False" />
                <line number="41" hits="1" branch="False" />
                <line number="42" hits="1" branch="False" />
                <line number="43" hits="1" branch="False" />
                <line number="44" hits="1" branch="False" />
                <line number="45" hits="1" branch="False" />
                <line number="46" hits="1" branch="False" />
                <line number="47" hits="1" branch="False" />
                <line number="48" hits="1" branch="False" />
              </lines>
            </method>
          </methods>
          <lines>
            <line number="66" hits="0" branch="False" />
            <line number="105" hits="0" branch="False" />
            <line number="106" hits="0" branch="False" />
            <line number="107" hits="0" branch="False" />
            <line number="110" hits="0" branch="False" />
            <line number="111" hits="0" branch="False" />
            <line number="112" hits="0" branch="False" />
            <line number="115" hits="0" branch="False" />
            <line number="116" hits="0" branch="False" />
            <line number="117" hits="0" branch="False" />
            <line number="124" hits="667" branch="False" />
            <line number="126" hits="667" branch="True" condition-coverage="60% (6/10)">
              <conditions>
                <condition number="30" type="jump" coverage="100%" />
                <condition number="36" type="jump" coverage="50%" />
                <condition number="66" type="jump" coverage="50%" />
                <condition number="51" type="jump" coverage="50%" />
                <condition number="72" type="jump" coverage="50%" />
              </conditions>
            </line>
            <line number="129" hits="666" branch="False" />
            <line number="130" hits="666" branch="False" />
            <line number="131" hits="666" branch="False" />
            <line number="132" hits="666" branch="False" />
            <line number="133" hits="666" branch="False" />
            <line number="135" hits="0" branch="False" />
            <line number="136" hits="0" branch="False" />
            <line number="137" hits="0" branch="False" />
            <line number="138" hits="0" branch="False" />
            <line number="139" hits="0" branch="False" />
            <line number="141" hits="1" branch="False" />
            <line number="142" hits="1" branch="False" />
            <line number="143" hits="1" branch="False" />
            <line number="144" hits="1" branch="False" />
            <line number="145" hits="1" branch="False" />
            <line number="147" hits="0" branch="False" />
            <line number="151" hits="667" branch="False" />
            <line number="152" hits="667" branch="False" />
            <line number="155" hits="667" branch="False" />
            <line number="156" hits="667" branch="False" />
            <line number="157" hits="667" branch="False" />
            <line number="158" hits="667" branch="False" />
            <line number="159" hits="667" branch="False" />
            <line number="160" hits="667" branch="False" />
            <line number="161" hits="667" branch="False" />
            <line number="162" hits="667" branch="False" />
            <line number="163" hits="667" branch="False" />
            <line number="164" hits="667" branch="False" />
            <line number="165" hits="667" branch="False" />
            <line number="166" hits="667" branch="False" />
            <line number="167" hits="667" branch="False" />
            <line number="168" hits="667" branch="False" />
            <line number="169" hits="667" branch="False" />
            <line number="170" hits="667" branch="False" />
            <line number="171" hits="667" branch="False" />
            <line number="172" hits="667" branch="False" />
            <line number="173" hits="667" branch="False" />
            <line number="174" hits="667" branch="False" />
            <line number="175" hits="667" branch="False" />
            <line number="176" hits="667" branch="False" />
            <line number="177" hits="667" branch="False" />
            <line number="178" hits="667" branch="False" />
            <line number="179" hits="667" branch="False" />
            <line number="180" hits="667" branch="False" />
            <line number="181" hits="667" branch="False" />
            <line number="182" hits="667" branch="False" />
            <line number="183" hits="667" branch="False" />
            <line number="184" hits="667" branch="False" />
            <line number="185" hits="667" branch="False" />
            <line number="186" hits="667" branch="False" />
            <line number="188" hits="667" branch="False" />
            <line number="189" hits="667" branch="False" />
            <line number="199" hits="4444" branch="False" />
            <line number="201" hits="4444" branch="False" />
            <line number="204" hits="4444" branch="False" />
            <line number="207" hits="4444" branch="False" />
            <line number="210" hits="4444" branch="False" />
            <line number="213" hits="4444" branch="False" />
            <line number="215" hits="4444" branch="False" />
            <line number="216" hits="4444" branch="False" />
            <line number="223" hits="16" branch="False" />
            <line number="224" hits="16" branch="False" />
            <line number="225" hits="16" branch="False" />
            <line number="232" hits="16" branch="False" />
            <line number="233" hits="16" branch="False" />
            <line number="234" hits="16" branch="False" />
            <line number="237" hits="0" branch="False" />
            <line number="238" hits="0" branch="False" />
            <line number="239" hits="0" branch="False" />
            <line number="68" hits="667" branch="False" />
            <line number="69" hits="667" branch="False" />
            <line number="70" hits="667" branch="False" />
            <line number="71" hits="667" branch="False" />
            <line number="72" hits="667" branch="False" />
            <line number="73" hits="667" branch="False" />
            <line number="76" hits="667" branch="True" condition-coverage="50% (2/4)">
              <conditions>
                <condition number="101" type="jump" coverage="50%" />
                <condition number="112" type="jump" coverage="50%" />
              </conditions>
            </line>
            <line number="77" hits="0" branch="False" />
            <line number="78" hits="0" branch="False" />
            <line number="79" hits="0" branch="False" />
            <line number="82" hits="667" branch="False" />
            <line number="83" hits="667" branch="True" condition-coverage="50% (3/6)">
              <conditions>
                <condition number="153" type="jump" coverage="100%" />
                <condition number="163" type="jump" coverage="50%" />
                <condition number="173" type="jump" coverage="0%" />
              </conditions>
            </line>
            <line number="84" hits="667" branch="False" />
            <line number="85" hits="667" branch="False" />
            <line number="86" hits="667" branch="False" />
            <line number="87" hits="667" branch="False" />
            <line number="88" hits="667" branch="False" />
            <line number="89" hits="667" branch="False" />
            <line number="91" hits="667" branch="False" />
            <line number="92" hits="667" branch="False" />
            <line number="93" hits="667" branch="False" />
            <line number="94" hits="667" branch="False" />
            <line number="95" hits="667" branch="False" />
            <line number="96" hits="667" branch="False" />
            <line number="97" hits="667" branch="False" />
            <line number="98" hits="667" branch="False" />
            <line number="99" hits="667" branch="False" />
            <line number="100" hits="667" branch="False" />
            <line number="101" hits="667" branch="False" />
            <line number="102" hits="667" branch="False" />
            <line number="30" hits="1" branch="False" />
            <line number="31" hits="1" branch="False" />
            <line number="32" hits="1" branch="False" />
            <line number="33" hits="1" branch="False" />
            <line number="34" hits="1" branch="False" />
            <line number="35" hits="1" branch="False" />
            <line number="36" hits="1" branch="False" />
            <line number="37" hits="1" branch="False" />
            <line number="38" hits="1" branch="False" />
            <line number="39" hits="1" branch="False" />
            <line number="40" hits="1" branch="False" />
            <line number="41" hits="1" branch="False" />
            <line number="42" hits="1" branch="False" />
            <line number="43" hits="1" branch="False" />
            <line number="44" hits="1" branch="False" />
            <line number="45" hits="1" branch="False" />
            <line number="46" hits="1" branch="False" />
            <line number="47" hits="1" branch="False" />
            <line number="48" hits="1" branch="False" />
          </lines>
        </class>
        <class name="Gameboy.VM.DMAController" filename="DMAController.cs" line-rate="0.5625" branch-rate="0.34" complexity="64">
          <methods>
            <method name="get_DMA" signature="()" line-rate="1" branch-rate="1">
              <lines>
                <line number="23" hits="2" branch="False" />
              </lines>
            </method>
            <method name="set_DMA" signature="(System.Byte)" line-rate="1" branch-rate="1">
              <lines>
                <line number="25" hits="4" branch="False" />
                <line number="27" hits="4" branch="False" />
                <line number="29" hits="4" branch="False" />
                <line number="30" hits="4" branch="False" />
                <line number="31" hits="4" branch="False" />
              </lines>
            </method>
            <method name="StepDMATransfer" signature="(System.Int32)" line-rate="1" branch-rate="1">
              <lines>
                <line number="44" hits="265" branch="False" />
                <line number="46" hits="265" branch="True" condition-coverage="100% (4/4)">
                  <conditions>
                    <condition number="7" type="jump" coverage="100%" />
                    <condition number="23" type="jump" coverage="100%" />
                  </conditions>
                </line>
                <line number="47" hits="6" branch="False" />
                <line number="48" hits="6" branch="False" />
                <line number="51" hits="6" branch="True" condition-coverage="100% (2/2)">
                  <conditions>
                    <condition number="42" type="jump" coverage="100%" />
                  </conditions>
                </line>
                <line number="52" hits="2" branch="False" />
                <line number="53" hits="2" branch="False" />
                <line number="54" hits="2" branch="False" />
                <line number="55" hits="2" branch="False" />
                <line number="56" hits="2" branch="False" />
                <line number="58" hits="6" branch="False" />
                <line number="59" hits="6" branch="True" condition-coverage="100% (2/2)">
                  <conditions>
                    <condition number="128" type="jump" coverage="100%" />
                  </conditions>
                </line>
                <line number="60" hits="6" branch="False" />
                <line number="61" hits="6" branch="False" />
                <line number="64" hits="524" branch="True" condition-coverage="100% (2/2)">
                  <conditions>
                    <condition number="272" type="jump" coverage="100%" />
                  </conditions>
                </line>
                <line number="65" hits="259" branch="False" />
                <line number="67" hits="259" branch="False" />
                <line number="68" hits="259" branch="False" />
                <line number="69" hits="259" branch="False" />
                <line number="71" hits="259" branch="False" />
                <line number="74" hits="259" branch="False" />
                <line number="75" hits="259" branch="True" condition-coverage="100% (2/2)">
                  <conditions>
                    <condition number="244" type="jump" coverage="100%" />
                  </conditions>
                </line>
                <line number="76" hits="1" branch="False" />
                <line number="77" hits="1" branch="False" />
                <line number="78" hits="1" branch="False" />
                <line number="79" hits="1" branch="False" />
                <line number="80" hits="1" branch="False" />
                <line number="81" hits="259" branch="False" />
                <line number="82" hits="265" branch="False" />
              </lines>
            </method>
            <method name="Step" signature="(System.Int32)" line-rate="0.7" branch-rate="0.75">
              <lines>
                <line number="102" hits="4444" branch="False" />
                <line number="103" hits="4444" branch="True" condition-coverage="100% (2/2)">
                  <conditions>
                    <condition number="15" type="jump" coverage="100%" />
                  </conditions>
                </line>
                <line number="104" hits="265" branch="False" />
                <line number="105" hits="265" branch="False" />
                <line number="106" hits="265" branch="False" />
                <line number="108" hits="4444" branch="True" condition-coverage="50% (1/2)">
                  <conditions>
                    <condition number="41" type="jump" coverage="50%" />
                  </conditions>
                </line>
                <line number="109" hits="0" branch="False" />
                <line number="110" hits="0" branch="False" />
                <line number="111" hits="0" branch="False" />
                <line number="112" hits="4444" branch="False" />
              </lines>
            </method>
            <method name="HaltCpu" signature="()" line-rate="1" branch-rate="0.5">
              <lines>
                <line number="115" hits="4444" branch="False" />
                <line number="117" hits="4444" branch="True" condition-coverage="50% (1/2)">
                  <conditions>
                    <condition number="8" type="jump" coverage="50%" />
                  </conditions>
                </line>
                <line number="118" hits="4444" branch="False" />
              </lines>
            </method>
            <method name="BlockInterrupts" signature="()" line-rate="1" branch-rate="0.5">
              <lines>
                <line number="121" hits="4444" branch="False" />
                <line number="123" hits="4444" branch="True" condition-coverage="50% (1/2)">
                  <conditions>
                    <condition number="8" type="jump" coverage="50%" />
                  </conditions>
                </line>
                <line number="124" hits="4444" branch="False" />
              </lines>
            </method>
            <method name="BlocksOAMRAM" signature="()" line-rate="1" branch-rate="1">
              <lines>
                <line number="127" hits="804" branch="False" />
                <line number="128" hits="804" branch="False" />
                <line number="129" hits="804" branch="False" />
              </lines>
            </method>
            <method name="StepHDMATransfer" signature="(System.Int32)" line-rate="0" branch-rate="0">
              <lines>
                <line number="132" hits="0" branch="False" />
                <line number="134" hits="0" branch="True" condition-coverage="0% (0/4)">
                  <conditions>
                    <condition number="7" type="jump" coverage="0%" />
                    <condition number="23" type="jump" coverage="0%" />
                  </conditions>
                </line>
                <line number="135" hits="0" branch="False" />
                <line number="136" hits="0" branch="False" />
                <line number="137" hits="0" branch="True" condition-coverage="0% (0/2)">
                  <conditions>
                    <condition number="38" type="jump" coverage="0%" />
                  </conditions>
                </line>
                <line number="138" hits="0" branch="False" />
                <line number="141" hits="0" branch="False" />
                <line number="144" hits="0" branch="True" condition-coverage="0% (0/2)">
                  <conditions>
                    <condition number="68" type="jump" coverage="0%" />
                  </conditions>
                </line>
                <line number="145" hits="0" branch="False" />
                <line number="146" hits="0" branch="True" condition-coverage="0% (0/4)">
                  <conditions>
                    <condition number="78" type="jump" coverage="0%" />
                    <condition number="104" type="jump" coverage="0%" />
                  </conditions>
                </line>
                <line number="147" hits="0" branch="False" />
                <line number="148" hits="0" branch="False" />
                <line number="149" hits="0" branch="False" />
                <line number="151" hits="0" branch="True" condition-coverage="0% (0/4)">
                  <conditions>
                    <condition number="121" type="jump" coverage="0%" />
                    <condition number="147" type="jump" coverage="0%" />
                  </conditions>
                </line>
                <line number="152" hits="0" branch="False" />
                <line number="153" hits="0" branch="False" />
                <line number="154" hits="0" branch="False" />
                <line number="155" hits="0" branch="False" />
                <line number="156" hits="0" branch="False" />
                <line number="158" hits="0" branch="True" condition-coverage="0% (0/4)">
                  <conditions>
                    <condition number="174" type="jump" coverage="0%" />
                    <condition number="192" type="jump" coverage="0%" />
                  </conditions>
                </line>
                <line number="159" hits="0" branch="False" />
                <line number="161" hits="0" branch="True" condition-coverage="0% (0/2)">
                  <conditions>
                    <condition number="424" type="jump" coverage="0%" />
                  </conditions>
                </line>
                <line number="162" hits="0" branch="False" />
                <line number="164" hits="0" branch="True" condition-coverage="0% (0/2)">
                  <conditions>
                    <condition number="405" type="jump" coverage="0%" />
                  </conditions>
                </line>
                <line number="165" hits="0" branch="False" />
                <line number="167" hits="0" branch="False" />
                <line number="172" hits="0" branch="False" />
                <line number="173" hits="0" branch="False" />
                <line number="174" hits="0" branch="False" />
                <line number="177" hits="0" branch="True" condition-coverage="0% (0/2)">
                  <conditions>
                    <condition number="315" type="jump" coverage="0%" />
                  </conditions>
                </line>
                <line number="178" hits="0" branch="False" />
                <line number="179" hits="0" branch="False" />
                <line number="180" hits="0" branch="False" />
                <line number="181" hits="0" branch="False" />
                <line number="184" hits="0" branch="True" condition-coverage="0% (0/2)">
                  <conditions>
                    <condition number="343" type="jump" coverage="0%" />
                  </conditions>
                </line>
                <line number="185" hits="0" branch="False" />
                <line number="186" hits="0" branch="False" />
                <line number="188" hits="0" branch="True" condition-coverage="0% (0/2)">
                  <conditions>
                    <condition number="373" type="jump" coverage="0%" />
                  </conditions>
                </line>
                <line number="189" hits="0" branch="False" />
                <line number="190" hits="0" branch="False" />
                <line number="191" hits="0" branch="False" />
                <line number="192" hits="0" branch="False" />
                <line number="194" hits="0" branch="False" />
                <line number="195" hits="0" branch="False" />
                <line number="198" hits="0" branch="False" />
                <line number="199" hits="0" branch="False" />
                <line number="200" hits="0" branch="False" />
                <line number="201" hits="0" branch="False" />
              </lines>
            </method>
            <method name="get_HDMA1" signature="()" line-rate="0" branch-rate="1">
              <lines>
                <line number="208" hits="0" branch="False" />
              </lines>
            </method>
            <method name="set_HDMA1" signature="(System.Byte)" line-rate="1" branch-rate="1">
              <lines>
                <line number="209" hits="1" branch="False" />
              </lines>
            </method>
            <method name="get_HDMA2" signature="()" line-rate="0" branch-rate="1">
              <lines>
                <line number="217" hits="0" branch="False" />
              </lines>
            </method>
            <method name="set_HDMA2" signature="(System.Byte)" line-rate="1" branch-rate="1">
              <lines>
                <line number="218" hits="1" branch="False" />
              </lines>
            </method>
            <method name="get_HDMA3" signature="()" line-rate="0" branch-rate="1">
              <lines>
                <line number="226" hits="0" branch="False" />
              </lines>
            </method>
            <method name="set_HDMA3" signature="(System.Byte)" line-rate="1" branch-rate="1">
              <lines>
                <line number="227" hits="1" branch="False" />
                <line number="228" hits="1" branch="False" />
                <line number="229" hits="1" branch="False" />
              </lines>
            </method>
            <method name="get_HDMA4" signature="()" line-rate="0" branch-rate="1">
              <lines>
                <line number="237" hits="0" branch="False" />
              </lines>
            </method>
            <method name="set_HDMA4" signature="(System.Byte)" line-rate="1" branch-rate="1">
              <lines>
                <line number="238" hits="1" branch="False" />
              </lines>
            </method>
            <method name="get_HDMA5" signature="()" line-rate="0" branch-rate="1">
              <lines>
                <line number="243" hits="0" branch="False" />
              </lines>
            </method>
            <method name="set_HDMA5" signature="(System.Byte)" line-rate="1" branch-rate="1">
              <lines>
                <line number="245" hits="1" branch="False" />
                <line number="246" hits="1" branch="False" />
                <line number="247" hits="1" branch="False" />
                <line number="248" hits="1" branch="False" />
                <line number="249" hits="1" branch="False" />
                <line number="250" hits="1" branch="False" />
                <line number="251" hits="1" branch="False" />
                <line number="252" hits="1" branch="False" />
              </lines>
            </method>
            <method name=".ctor" signature="(Gameboy.VM.Device)" line-rate="1" branch-rate="1">
              <lines>
                <line number="9" hits="667" branch="False" />
                <line number="10" hits="667" branch="False" />
                <line number="11" hits="667" branch="False" />
                <line number="12" hits="667" branch="False" />
                <line number="16" hits="667" branch="False" />
                <line number="17" hits="667" branch="False" />
                <line number="95" hits="667" branch="False" />
              </lines>
            </method>
          </methods>
          <lines>
            <line number="23" hits="2" branch="False" />
            <line number="25" hits="4" branch="False" />
            <line number="27" hits="4" branch="False" />
            <line number="29" hits="4" branch="False" />
            <line number="30" hits="4" branch="False" />
            <line number="31" hits="4" branch="False" />
            <line number="44" hits="265" branch="False" />
            <line number="46" hits="265" branch="True" condition-coverage="100% (4/4)">
              <conditions>
                <condition number="7" type="jump" coverage="100%" />
                <condition number="23" type="jump" coverage="100%" />
              </conditions>
            </line>
            <line number="47" hits="6" branch="False" />
            <line number="48" hits="6" branch="False" />
            <line number="51" hits="6" branch="True" condition-coverage="100% (2/2)">
              <conditions>
                <condition number="42" type="jump" coverage="100%" />
              </conditions>
            </line>
            <line number="52" hits="2" branch="False" />
            <line number="53" hits="2" branch="False" />
            <line number="54" hits="2" branch="False" />
            <line number="55" hits="2" branch="False" />
            <line number="56" hits="2" branch="False" />
            <line number="58" hits="6" branch="False" />
            <line number="59" hits="6" branch="True" condition-coverage="100% (2/2)">
              <conditions>
                <condition number="128" type="jump" coverage="100%" />
              </conditions>
            </line>
            <line number="60" hits="6" branch="False" />
            <line number="61" hits="6" branch="False" />
            <line number="64" hits="524" branch="True" condition-coverage="100% (2/2)">
              <conditions>
                <condition number="272" type="jump" coverage="100%" />
              </conditions>
            </line>
            <line number="65" hits="259" branch="False" />
            <line number="67" hits="259" branch="False" />
            <line number="68" hits="259" branch="False" />
            <line number="69" hits="259" branch="False" />
            <line number="71" hits="259" branch="False" />
            <line number="74" hits="259" branch="False" />
            <line number="75" hits="259" branch="True" condition-coverage="100% (2/2)">
              <conditions>
                <condition number="244" type="jump" coverage="100%" />
              </conditions>
            </line>
            <line number="76" hits="1" branch="False" />
            <line number="77" hits="1" branch="False" />
            <line number="78" hits="1" branch="False" />
            <line number="79" hits="1" branch="False" />
            <line number="80" hits="1" branch="False" />
            <line number="81" hits="259" branch="False" />
            <line number="82" hits="265" branch="False" />
            <line number="102" hits="4444" branch="False" />
            <line number="103" hits="4444" branch="True" condition-coverage="100% (2/2)">
              <conditions>
                <condition number="15" type="jump" coverage="100%" />
              </conditions>
            </line>
            <line number="104" hits="265" branch="False" />
            <line number="105" hits="265" branch="False" />
            <line number="106" hits="265" branch="False" />
            <line number="108" hits="4444" branch="True" condition-coverage="50% (1/2)">
              <conditions>
                <condition number="41" type="jump" coverage="50%" />
              </conditions>
            </line>
            <line number="109" hits="0" branch="False" />
            <line number="110" hits="0" branch="False" />
            <line number="111" hits="0" branch="False" />
            <line number="112" hits="4444" branch="False" />
            <line number="115" hits="4444" branch="False" />
            <line number="117" hits="4444" branch="True" condition-coverage="50% (1/2)">
              <conditions>
                <condition number="8" type="jump" coverage="50%" />
              </conditions>
            </line>
            <line number="118" hits="4444" branch="False" />
            <line number="121" hits="4444" branch="False" />
            <line number="123" hits="4444" branch="True" condition-coverage="50% (1/2)">
              <conditions>
                <condition number="8" type="jump" coverage="50%" />
              </conditions>
            </line>
            <line number="124" hits="4444" branch="False" />
            <line number="127" hits="804" branch="False" />
            <line number="128" hits="804" branch="False" />
            <line number="129" hits="804" branch="False" />
            <line number="132" hits="0" branch="False" />
            <line number="134" hits="0" branch="True" condition-coverage="0% (0/4)">
              <conditions>
                <condition number="7" type="jump" coverage="0%" />
                <condition number="23" type="jump" coverage="0%" />
              </conditions>
            </line>
            <line number="135" hits="0" branch="False" />
            <line number="136" hits="0" branch="False" />
            <line number="137" hits="0" branch="True" condition-coverage="0% (0/2)">
              <conditions>
                <condition number="38" type="jump" coverage="0%" />
              </conditions>
            </line>
            <line number="138" hits="0" branch="False" />
            <line number="141" hits="0" branch="False" />
            <line number="144" hits="0" branch="True" condition-coverage="0% (0/2)">
              <conditions>
                <condition number="68" type="jump" coverage="0%" />
              </conditions>
            </line>
            <line number="145" hits="0" branch="False" />
            <line number="146" hits="0" branch="True" condition-coverage="0% (0/4)">
              <conditions>
                <condition number="78" type="jump" coverage="0%" />
                <condition number="104" type="jump" coverage="0%" />
              </conditions>
            </line>
            <line number="147" hits="0" branch="False" />
            <line number="148" hits="0" branch="False" />
            <line number="149" hits="0" branch="False" />
            <line number="151" hits="0" branch="True" condition-coverage="0% (0/4)">
              <conditions>
                <condition number="121" type="jump" coverage="0%" />
                <condition number="147" type="jump" coverage="0%" />
              </conditions>
            </line>
            <line number="152" hits="0" branch="False" />
            <line number="153" hits="0" branch="False" />
            <line number="154" hits="0" branch="False" />
            <line number="155" hits="0" branch="False" />
            <line number="156" hits="0" branch="False" />
            <line number="158" hits="0" branch="True" condition-coverage="0% (0/4)">
              <conditions>
                <condition number="174" type="jump" coverage="0%" />
                <condition number="192" type="jump" coverage="0%" />
              </conditions>
            </line>
            <line number="159" hits="0" branch="False" />
            <line number="161" hits="0" branch="True" condition-coverage="0% (0/2)">
              <conditions>
                <condition number="424" type="jump" coverage="0%" />
              </conditions>
            </line>
            <line number="162" hits="0" branch="False" />
            <line number="164" hits="0" branch="True" condition-coverage="0% (0/2)">
              <conditions>
                <condition number="405" type="jump" coverage="0%" />
              </conditions>
            </line>
            <line number="165" hits="0" branch="False" />
            <line number="167" hits="0" branch="False" />
            <line number="172" hits="0" branch="False" />
            <line number="173" hits="0" branch="False" />
            <line number="174" hits="0" branch="False" />
            <line number="177" hits="0" branch="True" condition-coverage="0% (0/2)">
              <conditions>
                <condition number="315" type="jump" coverage="0%" />
              </conditions>
            </line>
            <line number="178" hits="0" branch="False" />
            <line number="179" hits="0" branch="False" />
            <line number="180" hits="0" branch="False" />
            <line number="181" hits="0" branch="False" />
            <line number="184" hits="0" branch="True" condition-coverage="0% (0/2)">
              <conditions>
                <condition number="343" type="jump" coverage="0%" />
              </conditions>
            </line>
            <line number="185" hits="0" branch="False" />
            <line number="186" hits="0" branch="False" />
            <line number="188" hits="0" branch="True" condition-coverage="0% (0/2)">
              <conditions>
                <condition number="373" type="jump" coverage="0%" />
              </conditions>
            </line>
            <line number="189" hits="0" branch="False" />
            <line number="190" hits="0" branch="False" />
            <line number="191" hits="0" branch="False" />
            <line number="192" hits="0" branch="False" />
            <line number="194" hits="0" branch="False" />
            <line number="195" hits="0" branch="False" />
            <line number="198" hits="0" branch="False" />
            <line number="199" hits="0" branch="False" />
            <line number="200" hits="0" branch="False" />
            <line number="201" hits="0" branch="False" />
            <line number="208" hits="0" branch="False" />
            <line number="209" hits="1" branch="False" />
            <line number="217" hits="0" branch="False" />
            <line number="218" hits="1" branch="False" />
            <line number="226" hits="0" branch="False" />
            <line number="227" hits="1" branch="False" />
            <line number="228" hits="1" branch="False" />
            <line number="229" hits="1" branch="False" />
            <line number="237" hits="0" branch="False" />
            <line number="238" hits="1" branch="False" />
            <line number="243" hits="0" branch="False" />
            <line number="245" hits="1" branch="False" />
            <line number="246" hits="1" branch="False" />
            <line number="247" hits="1" branch="False" />
            <line number="248" hits="1" branch="False" />
            <line number="249" hits="1" branch="False" />
            <line number="250" hits="1" branch="False" />
            <line number="251" hits="1" branch="False" />
            <line number="252" hits="1" branch="False" />
            <line number="9" hits="667" branch="False" />
            <line number="10" hits="667" branch="False" />
            <line number="11" hits="667" branch="False" />
            <line number="12" hits="667" branch="False" />
            <line number="16" hits="667" branch="False" />
            <line number="17" hits="667" branch="False" />
            <line number="95" hits="667" branch="False" />
          </lines>
        </class>
        <class name="Gameboy.VM.MMU" filename="MMU.cs" line-rate="0.9609000000000001" branch-rate="0.8828" complexity="259">
          <methods>
            <method name="ReadByte" signature="(System.UInt16)" line-rate="0.9606999999999999" branch-rate="0.8928">
              <lines>
                <line number="37" hits="335402" branch="False" />
                <line number="38" hits="335402" branch="True" condition-coverage="100% (2/2)">
                  <conditions>
                    <condition number="14" type="jump" coverage="100%" />
                  </conditions>
                </line>
                <line number="39" hits="1024" branch="True" condition-coverage="50% (1/2)">
                  <conditions>
                    <condition number="32" type="jump" coverage="50%" />
                  </conditions>
                </line>
                <line number="40" hits="1024" branch="False" />
                <line number="41" hits="1024" branch="False" />
                <line number="42" hits="334378" branch="True" condition-coverage="100% (2/2)">
                  <conditions>
                    <condition number="80" type="jump" coverage="100%" />
                  </conditions>
                </line>
                <line number="43" hits="137854" branch="False" />
                <line number="44" hits="196524" branch="True" condition-coverage="100% (2/2)">
                  <conditions>
                    <condition number="118" type="jump" coverage="100%" />
                  </conditions>
                </line>
                <line number="45" hits="16384" branch="False" />
                <line number="47" hits="16384" branch="True" condition-coverage="50% (1/2)">
                  <conditions>
                    <condition number="144" type="jump" coverage="50%" />
                  </conditions>
                </line>
                <line number="48" hits="0" branch="False" />
                <line number="49" hits="0" branch="False" />
                <line number="50" hits="0" branch="False" />
                <line number="53" hits="16384" branch="False" />
                <line number="55" hits="180140" branch="True" condition-coverage="100% (2/2)">
                  <conditions>
                    <condition number="219" type="jump" coverage="100%" />
                  </conditions>
                </line>
                <line number="56" hits="122887" branch="False" />
                <line number="57" hits="57253" branch="True" condition-coverage="100% (2/2)">
                  <conditions>
                    <condition number="259" type="jump" coverage="100%" />
                  </conditions>
                </line>
                <line number="58" hits="32667" branch="False" />
                <line number="59" hits="24586" branch="True" condition-coverage="100% (2/2)">
                  <conditions>
                    <condition number="289" type="jump" coverage="100%" />
                  </conditions>
                </line>
                <line number="60" hits="23068" branch="False" />
                <line number="61" hits="1518" branch="True" condition-coverage="100% (2/2)">
                  <conditions>
                    <condition number="326" type="jump" coverage="100%" />
                  </conditions>
                </line>
                <line number="62" hits="644" branch="False" />
                <line number="64" hits="644" branch="True" condition-coverage="66.66% (4/6)">
                  <conditions>
                    <condition number="346" type="jump" coverage="50%" />
                    <condition number="365" type="jump" coverage="50%" />
                    <condition number="390" type="jump" coverage="100%" />
                  </conditions>
                </line>
                <line number="65" hits="160" branch="False" />
                <line number="66" hits="160" branch="False" />
                <line number="69" hits="484" branch="False" />
                <line number="71" hits="874" branch="True" condition-coverage="100% (2/2)">
                  <conditions>
                    <condition number="442" type="jump" coverage="100%" />
                  </conditions>
                </line>
                <line number="72" hits="192" branch="False" />
                <line number="73" hits="682" branch="True" condition-coverage="100% (2/2)">
                  <conditions>
                    <condition number="469" type="jump" coverage="100%" />
                  </conditions>
                </line>
                <line number="74" hits="35" branch="False" />
                <line number="75" hits="647" branch="True" condition-coverage="100% (2/2)">
                  <conditions>
                    <condition number="505" type="jump" coverage="100%" />
                  </conditions>
                </line>
                <line number="76" hits="2" branch="False" />
                <line number="77" hits="645" branch="True" condition-coverage="100% (2/2)">
                  <conditions>
                    <condition number="541" type="jump" coverage="100%" />
                  </conditions>
                </line>
                <line number="78" hits="2" branch="False" />
                <line number="79" hits="643" branch="True" condition-coverage="100% (2/2)">
                  <conditions>
                    <condition number="577" type="jump" coverage="100%" />
                  </conditions>
                </line>
                <line number="80" hits="2" branch="False" />
                <line number="81" hits="641" branch="True" condition-coverage="100% (2/2)">
                  <conditions>
                    <condition number="604" type="jump" coverage="100%" />
                  </conditions>
                </line>
                <line number="82" hits="2" branch="False" />
                <line number="83" hits="639" branch="True" condition-coverage="100% (2/2)">
                  <conditions>
                    <condition number="640" type="jump" coverage="100%" />
                  </conditions>
                </line>
                <line number="84" hits="2" branch="False" />
                <line number="85" hits="637" branch="True" condition-coverage="100% (2/2)">
                  <conditions>
                    <condition number="676" type="jump" coverage="100%" />
                  </conditions>
                </line>
                <line number="86" hits="2" branch="False" />
                <line number="87" hits="635" branch="True" condition-coverage="100% (2/2)">
                  <conditions>
                    <condition number="712" type="jump" coverage="100%" />
                  </conditions>
                </line>
                <line number="88" hits="2" branch="False" />
                <line number="89" hits="633" branch="True" condition-coverage="75% (3/4)">
                  <conditions>
                    <condition number="742" type="jump" coverage="50%" />
                    <condition number="762" type="jump" coverage="100%" />
                  </conditions>
                </line>
                <line number="90" hits="14" branch="False" />
                <line number="91" hits="619" branch="True" condition-coverage="100% (2/2)">
                  <conditions>
                    <condition number="789" type="jump" coverage="100%" />
                  </conditions>
                </line>
                <line number="92" hits="2" branch="False" />
                <line number="93" hits="617" branch="True" condition-coverage="75% (3/4)">
                  <conditions>
                    <condition number="819" type="jump" coverage="50%" />
                    <condition number="839" type="jump" coverage="100%" />
                  </conditions>
                </line>
                <line number="94" hits="46" branch="False" />
                <line number="95" hits="571" branch="True" condition-coverage="75% (3/4)">
                  <conditions>
                    <condition number="870" type="jump" coverage="50%" />
                    <condition number="890" type="jump" coverage="100%" />
                  </conditions>
                </line>
                <line number="96" hits="18" branch="False" />
                <line number="97" hits="553" branch="True" condition-coverage="75% (3/4)">
                  <conditions>
                    <condition number="911" type="jump" coverage="50%" />
                    <condition number="931" type="jump" coverage="100%" />
                  </conditions>
                </line>
                <line number="98" hits="32" branch="False" />
                <line number="99" hits="521" branch="True" condition-coverage="100% (2/2)">
                  <conditions>
                    <condition number="965" type="jump" coverage="100%" />
                  </conditions>
                </line>
                <line number="100" hits="2" branch="False" />
                <line number="101" hits="519" branch="True" condition-coverage="100% (2/2)">
                  <conditions>
                    <condition number="1001" type="jump" coverage="100%" />
                  </conditions>
                </line>
                <line number="102" hits="2" branch="False" />
                <line number="103" hits="517" branch="True" condition-coverage="100% (2/2)">
                  <conditions>
                    <condition number="1037" type="jump" coverage="100%" />
                  </conditions>
                </line>
                <line number="104" hits="2" branch="False" />
                <line number="105" hits="515" branch="True" condition-coverage="100% (2/2)">
                  <conditions>
                    <condition number="1073" type="jump" coverage="100%" />
                  </conditions>
                </line>
                <line number="106" hits="2" branch="False" />
                <line number="107" hits="513" branch="True" condition-coverage="100% (2/2)">
                  <conditions>
                    <condition number="1109" type="jump" coverage="100%" />
                  </conditions>
                </line>
                <line number="108" hits="2" branch="False" />
                <line number="109" hits="511" branch="True" condition-coverage="100% (2/2)">
                  <conditions>
                    <condition number="1145" type="jump" coverage="100%" />
                  </conditions>
                </line>
                <line number="110" hits="2" branch="False" />
                <line number="111" hits="509" branch="True" condition-coverage="100% (2/2)">
                  <conditions>
                    <condition number="1181" type="jump" coverage="100%" />
                  </conditions>
                </line>
                <line number="112" hits="2" branch="False" />
                <line number="113" hits="507" branch="True" condition-coverage="100% (2/2)">
                  <conditions>
                    <condition number="1217" type="jump" coverage="100%" />
                  </conditions>
                </line>
                <line number="114" hits="2" branch="False" />
                <line number="115" hits="505" branch="True" condition-coverage="100% (2/2)">
                  <conditions>
                    <condition number="1253" type="jump" coverage="100%" />
                  </conditions>
                </line>
                <line number="116" hits="2" branch="False" />
                <line number="117" hits="503" branch="True" condition-coverage="100% (2/2)">
                  <conditions>
                    <condition number="1289" type="jump" coverage="100%" />
                  </conditions>
                </line>
                <line number="118" hits="2" branch="False" />
                <line number="119" hits="501" branch="True" condition-coverage="100% (2/2)">
                  <conditions>
                    <condition number="1325" type="jump" coverage="100%" />
                  </conditions>
                </line>
                <line number="120" hits="2" branch="False" />
                <line number="121" hits="499" branch="True" condition-coverage="100% (2/2)">
                  <conditions>
                    <condition number="1361" type="jump" coverage="100%" />
                  </conditions>
                </line>
                <line number="122" hits="2" branch="False" />
                <line number="123" hits="497" branch="True" condition-coverage="75% (3/4)">
                  <conditions>
                    <condition number="1391" type="jump" coverage="50%" />
                    <condition number="1411" type="jump" coverage="100%" />
                  </conditions>
                </line>
                <line number="124" hits="6" branch="False" />
                <line number="125" hits="491" branch="True" condition-coverage="100% (2/2)">
                  <conditions>
                    <condition number="1438" type="jump" coverage="100%" />
                  </conditions>
                </line>
                <line number="126" hits="2" branch="False" />
                <line number="127" hits="489" branch="True" condition-coverage="100% (2/2)">
                  <conditions>
                    <condition number="1474" type="jump" coverage="100%" />
                  </conditions>
                </line>
                <line number="128" hits="2" branch="False" />
                <line number="129" hits="487" branch="True" condition-coverage="100% (2/2)">
                  <conditions>
                    <condition number="1510" type="jump" coverage="100%" />
                  </conditions>
                </line>
                <line number="130" hits="2" branch="False" />
                <line number="131" hits="485" branch="True" condition-coverage="100% (2/2)">
                  <conditions>
                    <condition number="1551" type="jump" coverage="100%" />
                  </conditions>
                </line>
                <line number="132" hits="2" branch="False" />
                <line number="133" hits="483" branch="True" condition-coverage="100% (2/2)">
                  <conditions>
                    <condition number="1592" type="jump" coverage="100%" />
                  </conditions>
                </line>
                <line number="134" hits="2" branch="False" />
                <line number="135" hits="481" branch="True" condition-coverage="100% (2/2)">
                  <conditions>
                    <condition number="1633" type="jump" coverage="100%" />
                  </conditions>
                </line>
                <line number="136" hits="2" branch="False" />
                <line number="137" hits="479" branch="True" condition-coverage="100% (2/2)">
                  <conditions>
                    <condition number="1674" type="jump" coverage="100%" />
                  </conditions>
                </line>
                <line number="138" hits="2" branch="False" />
                <line number="139" hits="477" branch="True" condition-coverage="75% (3/4)">
                  <conditions>
                    <condition number="1694" type="jump" coverage="50%" />
                    <condition number="1714" type="jump" coverage="100%" />
                  </conditions>
                </line>
                <line number="140" hits="84" branch="False" />
                <line number="141" hits="393" branch="True" condition-coverage="75% (3/4)">
                  <conditions>
                    <condition number="1732" type="jump" coverage="50%" />
                    <condition number="1752" type="jump" coverage="100%" />
                  </conditions>
                </line>
                <line number="142" hits="391" branch="False" />
                <line number="143" hits="2" branch="True" condition-coverage="50% (1/2)">
                  <conditions>
                    <condition number="1783" type="jump" coverage="50%" />
                  </conditions>
                </line>
                <line number="144" hits="2" branch="False" />
                <line number="146" hits="0" branch="False" />
                <line number="147" hits="335402" branch="False" />
              </lines>
            </method>
            <method name="ReadUnusedAddress" signature="(System.UInt16)" line-rate="1" branch-rate="1">
              <lines>
                <line number="150" hits="316" branch="False" />
                <line number="151" hits="316" branch="False" />
                <line number="152" hits="316" branch="False" />
                <line number="153" hits="316" branch="False" />
              </lines>
            </method>
            <method name="ReadWord" signature="(System.UInt16)" line-rate="1" branch-rate="1">
              <lines>
                <line number="156" hits="1140" branch="False" />
              </lines>
            </method>
            <method name="WriteByte" signature="(System.UInt16,System.Byte)" line-rate="0.9487000000000001" branch-rate="0.8712000000000001">
              <lines>
                <line number="165" hits="283633" branch="False" />
                <line number="168" hits="283633" branch="True" condition-coverage="100% (2/2)">
                  <conditions>
                    <condition number="14" type="jump" coverage="100%" />
                  </conditions>
                </line>
                <line number="169" hits="139283" branch="False" />
                <line number="170" hits="144350" branch="True" condition-coverage="75% (3/4)">
                  <conditions>
                    <condition number="46" type="jump" coverage="50%" />
                    <condition number="64" type="jump" coverage="100%" />
                  </conditions>
                </line>
                <line number="171" hits="8192" branch="False" />
                <line number="172" hits="8192" branch="True" condition-coverage="100% (2/2)">
                  <conditions>
                    <condition number="91" type="jump" coverage="100%" />
                  </conditions>
                </line>
                <line number="173" hits="8192" branch="False" />
                <line number="174" hits="8192" branch="False" />
                <line number="175" hits="8192" branch="False" />
                <line number="176" hits="8192" branch="False" />
                <line number="177" hits="136158" branch="True" condition-coverage="75% (3/4)">
                  <conditions>
                    <condition number="126" type="jump" coverage="50%" />
                    <condition number="144" type="jump" coverage="100%" />
                  </conditions>
                </line>
                <line number="178" hits="81927" branch="False" />
                <line number="179" hits="54231" branch="True" condition-coverage="75% (3/4)">
                  <conditions>
                    <condition number="176" type="jump" coverage="50%" />
                    <condition number="196" type="jump" coverage="100%" />
                  </conditions>
                </line>
                <line number="180" hits="16828" branch="False" />
                <line number="181" hits="37403" branch="True" condition-coverage="75% (3/4)">
                  <conditions>
                    <condition number="218" type="jump" coverage="50%" />
                    <condition number="238" type="jump" coverage="100%" />
                  </conditions>
                </line>
                <line number="182" hits="15368" branch="False" />
                <line number="183" hits="22035" branch="True" condition-coverage="75% (3/4)">
                  <conditions>
                    <condition number="267" type="jump" coverage="50%" />
                    <condition number="287" type="jump" coverage="100%" />
                  </conditions>
                </line>
                <line number="184" hits="160" branch="False" />
                <line number="185" hits="160" branch="True" condition-coverage="66.66% (4/6)">
                  <conditions>
                    <condition number="307" type="jump" coverage="50%" />
                    <condition number="326" type="jump" coverage="50%" />
                    <condition number="354" type="jump" coverage="100%" />
                  </conditions>
                </line>
                <line number="186" hits="160" branch="False" />
                <line number="187" hits="160" branch="False" />
                <line number="188" hits="160" branch="False" />
                <line number="189" hits="160" branch="False" />
                <line number="190" hits="21875" branch="True" condition-coverage="75% (3/4)">
                  <conditions>
                    <condition number="389" type="jump" coverage="50%" />
                    <condition number="409" type="jump" coverage="100%" />
                  </conditions>
                </line>
                <line number="191" hits="96" branch="False" />
                <line number="192" hits="21779" branch="True" condition-coverage="100% (2/2)">
                  <conditions>
                    <condition number="451" type="jump" coverage="100%" />
                  </conditions>
                </line>
                <line number="193" hits="17" branch="False" />
                <line number="194" hits="21762" branch="True" condition-coverage="100% (2/2)">
                  <conditions>
                    <condition number="488" type="jump" coverage="100%" />
                  </conditions>
                </line>
                <line number="195" hits="1" branch="False" />
                <line number="197" hits="1" branch="True" condition-coverage="50% (1/2)">
                  <conditions>
                    <condition number="518" type="jump" coverage="50%" />
                  </conditions>
                </line>
                <line number="198" hits="0" branch="False" />
                <line number="199" hits="0" branch="False" />
                <line number="200" hits="0" branch="False" />
                <line number="201" hits="0" branch="False" />
                <line number="202" hits="0" branch="False" />
                <line number="203" hits="1" branch="False" />
                <line number="204" hits="21761" branch="True" condition-coverage="100% (2/2)">
                  <conditions>
                    <condition number="598" type="jump" coverage="100%" />
                  </conditions>
                </line>
                <line number="205" hits="1" branch="False" />
                <line number="206" hits="21760" branch="True" condition-coverage="100% (2/2)">
                  <conditions>
                    <condition number="635" type="jump" coverage="100%" />
                  </conditions>
                </line>
                <line number="207" hits="1" branch="False" />
                <line number="208" hits="21759" branch="True" condition-coverage="100% (2/2)">
                  <conditions>
                    <condition number="677" type="jump" coverage="100%" />
                  </conditions>
                </line>
                <line number="209" hits="1" branch="False" />
                <line number="210" hits="21758" branch="True" condition-coverage="100% (2/2)">
                  <conditions>
                    <condition number="714" type="jump" coverage="100%" />
                  </conditions>
                </line>
                <line number="211" hits="668" branch="False" />
                <line number="212" hits="21090" branch="True" condition-coverage="100% (2/2)">
                  <conditions>
                    <condition number="751" type="jump" coverage="100%" />
                  </conditions>
                </line>
                <line number="213" hits="668" branch="False" />
                <line number="214" hits="20422" branch="True" condition-coverage="100% (2/2)">
                  <conditions>
                    <condition number="788" type="jump" coverage="100%" />
                  </conditions>
                </line>
                <line number="215" hits="669" branch="False" />
                <line number="216" hits="19753" branch="True" condition-coverage="75% (3/4)">
                  <conditions>
                    <condition number="819" type="jump" coverage="50%" />
                    <condition number="839" type="jump" coverage="100%" />
                  </conditions>
                </line>
                <line number="217" hits="7" branch="False" />
                <line number="218" hits="19746" branch="True" condition-coverage="100% (2/2)">
                  <conditions>
                    <condition number="881" type="jump" coverage="100%" />
                  </conditions>
                </line>
                <line number="219" hits="1" branch="False" />
                <line number="220" hits="19745" branch="True" condition-coverage="75% (3/4)">
                  <conditions>
                    <condition number="912" type="jump" coverage="50%" />
                    <condition number="932" type="jump" coverage="100%" />
                  </conditions>
                </line>
                <line number="221" hits="12696" branch="False" />
                <line number="222" hits="7049" branch="True" condition-coverage="75% (3/4)">
                  <conditions>
                    <condition number="964" type="jump" coverage="50%" />
                    <condition number="984" type="jump" coverage="100%" />
                  </conditions>
                </line>
                <line number="223" hits="9" branch="False" />
                <line number="224" hits="7040" branch="True" condition-coverage="75% (3/4)">
                  <conditions>
                    <condition number="1020" type="jump" coverage="50%" />
                    <condition number="1040" type="jump" coverage="100%" />
                  </conditions>
                </line>
                <line number="225" hits="16" branch="False" />
                <line number="226" hits="7024" branch="True" condition-coverage="100% (2/2)">
                  <conditions>
                    <condition number="1074" type="jump" coverage="100%" />
                  </conditions>
                </line>
                <line number="227" hits="668" branch="False" />
                <line number="228" hits="6356" branch="True" condition-coverage="100% (2/2)">
                  <conditions>
                    <condition number="1111" type="jump" coverage="100%" />
                  </conditions>
                </line>
                <line number="229" hits="1" branch="False" />
                <line number="230" hits="6355" branch="True" condition-coverage="100% (2/2)">
                  <conditions>
                    <condition number="1148" type="jump" coverage="100%" />
                  </conditions>
                </line>
                <line number="231" hits="668" branch="False" />
                <line number="232" hits="5687" branch="True" condition-coverage="100% (2/2)">
                  <conditions>
                    <condition number="1185" type="jump" coverage="100%" />
                  </conditions>
                </line>
                <line number="233" hits="668" branch="False" />
                <line number="234" hits="5019" branch="True" condition-coverage="100% (2/2)">
                  <conditions>
                    <condition number="1222" type="jump" coverage="100%" />
                  </conditions>
                </line>
                <line number="235" hits="1" branch="False" />
                <line number="236" hits="5018" branch="True" condition-coverage="100% (2/2)">
                  <conditions>
                    <condition number="1259" type="jump" coverage="100%" />
                  </conditions>
                </line>
                <line number="237" hits="668" branch="False" />
                <line number="238" hits="4350" branch="True" condition-coverage="100% (2/2)">
                  <conditions>
                    <condition number="1296" type="jump" coverage="100%" />
                  </conditions>
                </line>
                <line number="239" hits="4" branch="False" />
                <line number="240" hits="4346" branch="True" condition-coverage="100% (2/2)">
                  <conditions>
                    <condition number="1333" type="jump" coverage="100%" />
                  </conditions>
                </line>
                <line number="241" hits="668" branch="False" />
                <line number="242" hits="3678" branch="True" condition-coverage="100% (2/2)">
                  <conditions>
                    <condition number="1370" type="jump" coverage="100%" />
                  </conditions>
                </line>
[...]
            <line number="10" hits="2" branch="False" />
            <line number="11" hits="2" branch="False" />
          </lines>
        </class>
        <class name="Gameboy.VM.Cartridge.MBC3Cartridge" filename="Cartridge\MBC3Cartridge.cs" line-rate="0.5961" branch-rate="0.42100000000000004" complexity="39">
          <methods>
            <method name="ReadRam" signature="(System.UInt16)" line-rate="0.7142000000000001" branch-rate="0.75">
              <lines>
                <line number="24" hits="32772" branch="False" />
                <line number="25" hits="49156" branch="True" condition-coverage="100% (2/2)">
                  <conditions>
                    <condition number="12" type="jump" coverage="100%" />
                  </conditions>
                </line>
                <line number="27" hits="16388" branch="True" condition-coverage="50% (1/2)">
                  <conditions>
                    <condition number="35" type="jump" coverage="50%" />
                  </conditions>
                </line>
                <line number="28" hits="0" branch="False" />
                <line number="29" hits="0" branch="False" />
                <line number="32" hits="16388" branch="False" />
                <line number="33" hits="32772" branch="False" />
              </lines>
            </method>
            <method name="WriteRom" signature="(System.UInt16,System.Byte)" line-rate="0.5277000000000001" branch-rate="0.375">
              <lines>
                <line number="36" hits="16394" branch="False" />
                <line number="37" hits="16394" branch="True" condition-coverage="100% (2/2)">
                  <conditions>
                    <condition number="14" type="jump" coverage="100%" />
                  </conditions>
                </line>
                <line number="38" hits="16385" branch="False" />
                <line number="39" hits="16385" branch="False" />
                <line number="40" hits="16385" branch="False" />
                <line number="41" hits="9" branch="True" condition-coverage="75% (3/4)">
                  <conditions>
                    <condition number="43" type="jump" coverage="50%" />
                    <condition number="61" type="jump" coverage="100%" />
                  </conditions>
                </line>
                <line number="42" hits="1" branch="False" />
                <line number="43" hits="1" branch="False" />
                <line number="44" hits="2" branch="True" condition-coverage="100% (2/2)">
                  <conditions>
                    <condition number="94" type="jump" coverage="100%" />
                  </conditions>
                </line>
                <line number="45" hits="1" branch="False" />
                <line number="46" hits="8" branch="True" condition-coverage="50% (2/4)">
                  <conditions>
                    <condition number="115" type="jump" coverage="50%" />
                    <condition number="130" type="jump" coverage="50%" />
                  </conditions>
                </line>
                <line number="47" hits="8" branch="False" />
                <line number="48" hits="8" branch="True" condition-coverage="50% (1/2)">
                  <conditions>
                    <condition number="147" type="jump" coverage="50%" />
                  </conditions>
                </line>
                <line number="49" hits="8" branch="False" />
                <line number="50" hits="8" branch="False" />
                <line number="51" hits="8" branch="False" />
                <line number="52" hits="8" branch="False" />
                <line number="53" hits="0" branch="True" condition-coverage="25% (1/4)">
                  <conditions>
                    <condition number="189" type="jump" coverage="0%" />
                    <condition number="206" type="jump" coverage="50%" />
                  </conditions>
                </line>
                <line number="54" hits="0" branch="False" />
                <line number="55" hits="0" branch="True" condition-coverage="0% (0/6)">
                  <conditions>
                    <condition number="215" type="switch" coverage="0%" />
                  </conditions>
                </line>
                <line number="56" hits="0" branch="False" />
                <line number="57" hits="0" branch="False" />
                <line number="58" hits="0" branch="False" />
                <line number="59" hits="0" branch="False" />
                <line number="60" hits="0" branch="False" />
                <line number="61" hits="0" branch="False" />
                <line number="62" hits="0" branch="False" />
                <line number="63" hits="0" branch="False" />
                <line number="64" hits="0" branch="False" />
                <line number="65" hits="8" branch="False" />
                <line number="66" hits="0" branch="True" condition-coverage="50% (1/2)">
                  <conditions>
                    <condition number="354" type="jump" coverage="50%" />
                  </conditions>
                </line>
                <line number="67" hits="0" branch="False" />
                <line number="69" hits="0" branch="True" condition-coverage="0% (0/4)">
                  <conditions>
                    <condition number="359" type="jump" coverage="0%" />
                    <condition number="379" type="jump" coverage="0%" />
                  </conditions>
                </line>
                <line number="71" hits="0" branch="True" condition-coverage="0% (0/2)">
                  <conditions>
                    <condition number="403" type="jump" coverage="0%" />
                  </conditions>
                </line>
                <line number="72" hits="0" branch="False" />
                <line number="73" hits="16394" branch="False" />
              </lines>
            </method>
            <method name="WriteRam" signature="(System.UInt16,System.Byte)" line-rate="0.6666" branch-rate="0.5">
              <lines>
                <line number="76" hits="16388" branch="False" />
                <line number="77" hits="16388" branch="True" condition-coverage="50% (1/2)">
                  <conditions>
                    <condition number="14" type="jump" coverage="50%" />
                  </conditions>
                </line>
                <line number="78" hits="0" branch="False" />
                <line number="80" hits="0" branch="False" />
                <line number="82" hits="16388" branch="False" />
                <line number="83" hits="16388" branch="False" />
              </lines>
            </method>
            <method name=".ctor" signature="(System.Byte[])" line-rate="1" branch-rate="1">
              <lines>
                <line number="19" hits="3" branch="False" />
                <line number="20" hits="3" branch="False" />
                <line number="21" hits="3" branch="False" />
              </lines>
            </method>
          </methods>
          <lines>
            <line number="24" hits="32772" branch="False" />
            <line number="25" hits="49156" branch="True" condition-coverage="100% (2/2)">
              <conditions>
                <condition number="12" type="jump" coverage="100%" />
              </conditions>
            </line>
            <line number="27" hits="16388" branch="True" condition-coverage="50% (1/2)">
              <conditions>
                <condition number="35" type="jump" coverage="50%" />
              </conditions>
            </line>
            <line number="28" hits="0" branch="False" />
            <line number="29" hits="0" branch="False" />
            <line number="32" hits="16388" branch="False" />
            <line number="33" hits="32772" branch="False" />
            <line number="36" hits="16394" branch="False" />
            <line number="37" hits="16394" branch="True" condition-coverage="100% (2/2)">
              <conditions>
                <condition number="14" type="jump" coverage="100%" />
              </conditions>
            </line>
            <line number="38" hits="16385" branch="False" />
            <line number="39" hits="16385" branch="False" />
            <line number="40" hits="16385" branch="False" />
            <line number="41" hits="9" branch="True" condition-coverage="75% (3/4)">
              <conditions>
                <condition number="43" type="jump" coverage="50%" />
                <condition number="61" type="jump" coverage="100%" />
              </conditions>
            </line>
            <line number="42" hits="1" branch="False" />
            <line number="43" hits="1" branch="False" />
            <line number="44" hits="2" branch="True" condition-coverage="100% (2/2)">
              <conditions>
                <condition number="94" type="jump" coverage="100%" />
              </conditions>
            </line>
            <line number="45" hits="1" branch="False" />
            <line number="46" hits="8" branch="True" condition-coverage="50% (2/4)">
              <conditions>
                <condition number="115" type="jump" coverage="50%" />
                <condition number="130" type="jump" coverage="50%" />
              </conditions>
            </line>
            <line number="47" hits="8" branch="False" />
            <line number="48" hits="8" branch="True" condition-coverage="50% (1/2)">
              <conditions>
                <condition number="147" type="jump" coverage="50%" />
              </conditions>
            </line>
            <line number="49" hits="8" branch="False" />
            <line number="50" hits="8" branch="False" />
            <line number="51" hits="8" branch="False" />
            <line number="52" hits="8" branch="False" />
            <line number="53" hits="0" branch="True" condition-coverage="25% (1/4)">
              <conditions>
                <condition number="189" type="jump" coverage="0%" />
                <condition number="206" type="jump" coverage="50%" />
              </conditions>
            </line>
            <line number="54" hits="0" branch="False" />
            <line number="55" hits="0" branch="True" condition-coverage="0% (0/6)">
              <conditions>
                <condition number="215" type="switch" coverage="0%" />
              </conditions>
            </line>
            <line number="56" hits="0" branch="False" />
            <line number="57" hits="0" branch="False" />
            <line number="58" hits="0" branch="False" />
            <line number="59" hits="0" branch="False" />
            <line number="60" hits="0" branch="False" />
            <line number="61" hits="0" branch="False" />
            <line number="62" hits="0" branch="False" />
            <line number="63" hits="0" branch="False" />
            <line number="64" hits="0" branch="False" />
            <line number="65" hits="8" branch="False" />
            <line number="66" hits="0" branch="True" condition-coverage="50% (1/2)">
              <conditions>
                <condition number="354" type="jump" coverage="50%" />
              </conditions>
            </line>
            <line number="67" hits="0" branch="False" />
            <line number="69" hits="0" branch="True" condition-coverage="0% (0/4)">
              <conditions>
                <condition number="359" type="jump" coverage="0%" />
                <condition number="379" type="jump" coverage="0%" />
              </conditions>
            </line>
            <line number="71" hits="0" branch="True" condition-coverage="0% (0/2)">
              <conditions>
                <condition number="403" type="jump" coverage="0%" />
              </conditions>
            </line>
            <line number="72" hits="0" branch="False" />
            <line number="73" hits="16394" branch="False" />
            <line number="76" hits="16388" branch="False" />
            <line number="77" hits="16388" branch="True" condition-coverage="50% (1/2)">
              <conditions>
                <condition number="14" type="jump" coverage="50%" />
              </conditions>
            </line>
            <line number="78" hits="0" branch="False" />
            <line number="80" hits="0" branch="False" />
            <line number="82" hits="16388" branch="False" />
            <line number="83" hits="16388" branch="False" />
            <line number="19" hits="3" branch="False" />
            <line number="20" hits="3" branch="False" />
            <line number="21" hits="3" branch="False" />
          </lines>
        </class>
        <class name="Gameboy.VM.Cartridge.MBC5Cartridge" filename="Cartridge\MBC5Cartridge.cs" line-rate="0" branch-rate="0" complexity="15">
          <methods>
            <method name="WriteRom" signature="(System.UInt16,System.Byte)" line-rate="0" branch-rate="0">
              <lines>
                <line number="13" hits="0" branch="False" />
                <line number="14" hits="0" branch="True" condition-coverage="0% (0/2)">
                  <conditions>
                    <condition number="14" type="jump" coverage="0%" />
                  </conditions>
                </line>
                <line number="15" hits="0" branch="False" />
                <line number="16" hits="0" branch="False" />
                <line number="17" hits="0" branch="False" />
                <line number="18" hits="0" branch="True" condition-coverage="0% (0/4)">
                  <conditions>
                    <condition number="43" type="jump" coverage="0%" />
                    <condition number="61" type="jump" coverage="0%" />
                  </conditions>
                </line>
                <line number="19" hits="0" branch="False" />
                <line number="20" hits="0" branch="False" />
                <line number="21" hits="0" branch="False" />
                <line number="22" hits="0" branch="False" />
                <line number="23" hits="0" branch="True" condition-coverage="0% (0/4)">
                  <conditions>
                    <condition number="113" type="jump" coverage="0%" />
                    <condition number="131" type="jump" coverage="0%" />
                  </conditions>
                </line>
                <line number="24" hits="0" branch="False" />
                <line number="25" hits="0" branch="False" />
                <line number="26" hits="0" branch="False" />
                <line number="27" hits="0" branch="False" />
                <line number="28" hits="0" branch="True" condition-coverage="0% (0/4)">
                  <conditions>
                    <condition number="186" type="jump" coverage="0%" />
                    <condition number="204" type="jump" coverage="0%" />
                  </conditions>
                </line>
                <line number="29" hits="0" branch="False" />
                <line number="30" hits="0" branch="False" />
                <line number="31" hits="0" branch="False" />
                <line number="32" hits="0" branch="False" />
              </lines>
            </method>
            <method name=".ctor" signature="(System.Byte[])" line-rate="0" branch-rate="1">
              <lines>
                <line number="8" hits="0" branch="False" />
                <line number="9" hits="0" branch="False" />
                <line number="10" hits="0" branch="False" />
              </lines>
            </method>
          </methods>
          <lines>
            <line number="13" hits="0" branch="False" />
            <line number="14" hits="0" branch="True" condition-coverage="0% (0/2)">
              <conditions>
                <condition number="14" type="jump" coverage="0%" />
              </conditions>
            </line>
            <line number="15" hits="0" branch="False" />
            <line number="16" hits="0" branch="False" />
            <line number="17" hits="0" branch="False" />
            <line number="18" hits="0" branch="True" condition-coverage="0% (0/4)">
              <conditions>
                <condition number="43" type="jump" coverage="0%" />
                <condition number="61" type="jump" coverage="0%" />
              </conditions>
            </line>
            <line number="19" hits="0" branch="False" />
            <line number="20" hits="0" branch="False" />
            <line number="21" hits="0" branch="False" />
            <line number="22" hits="0" branch="False" />
            <line number="23" hits="0" branch="True" condition-coverage="0% (0/4)">
              <conditions>
                <condition number="113" type="jump" coverage="0%" />
                <condition number="131" type="jump" coverage="0%" />
              </conditions>
            </line>
            <line number="24" hits="0" branch="False" />
            <line number="25" hits="0" branch="False" />
            <line number="26" hits="0" branch="False" />
            <line number="27" hits="0" branch="False" />
            <line number="28" hits="0" branch="True" condition-coverage="0% (0/4)">
              <conditions>
                <condition number="186" type="jump" coverage="0%" />
                <condition number="204" type="jump" coverage="0%" />
              </conditions>
            </line>
            <line number="29" hits="0" branch="False" />
            <line number="30" hits="0" branch="False" />
            <line number="31" hits="0" branch="False" />
            <line number="32" hits="0" branch="False" />
            <line number="8" hits="0" branch="False" />
            <line number="9" hits="0" branch="False" />
            <line number="10" hits="0" branch="False" />
          </lines>
        </class>
        <class name="Gameboy.VM.Cartridge.RomOnlyCartridge" filename="Cartridge\RomOnlyCartridge.cs" line-rate="1" branch-rate="1" complexity="4">
          <methods>
            <method name="ReadRam" signature="(System.UInt16)" line-rate="1" branch-rate="1">
              <lines>
                <line number="11" hits="8192" branch="False" />
                <line number="12" hits="8192" branch="False" />
                <line number="13" hits="8192" branch="False" />
              </lines>
            </method>
            <method name="WriteRom" signature="(System.UInt16,System.Byte)" line-rate="1" branch-rate="1">
              <lines>
                <line number="16" hits="32767" branch="False" />
                <line number="17" hits="32767" branch="False" />
              </lines>
            </method>
            <method name="WriteRam" signature="(System.UInt16,System.Byte)" line-rate="1" branch-rate="1">
              <lines>
                <line number="20" hits="8192" branch="False" />
                <line number="21" hits="8192" branch="False" />
              </lines>
            </method>
            <method name=".ctor" signature="(System.Byte[])" line-rate="1" branch-rate="1">
              <lines>
                <line number="5" hits="3" branch="False" />
                <line number="6" hits="3" branch="False" />
                <line number="7" hits="3" branch="False" />
              </lines>
            </method>
          </methods>
          <lines>
            <line number="11" hits="8192" branch="False" />
            <line number="12" hits="8192" branch="False" />
            <line number="13" hits="8192" branch="False" />
            <line number="16" hits="32767" branch="False" />
            <line number="17" hits="32767" branch="False" />
            <line number="20" hits="8192" branch="False" />
            <line number="21" hits="8192" branch="False" />
            <line number="5" hits="3" branch="False" />
            <line number="6" hits="3" branch="False" />
            <line number="7" hits="3" branch="False" />
          </lines>
        </class>
      </classes>
    </package>
  </packages>
</coverage>